INFO:root:Added producer id 1
INFO:root:Added consumer id 1
INFO:root:[Tea(name='Green Tea', price=10, type='Green'), True] successfully published in the marketplace
INFO:root:Tea(name='Green Tea', price=10, type='Green') added to cart
INFO:root:Tea(name='Green Tea', price=10, type='Green') added to cart
INFO:root:Coffee(name='Espresso', price=20, acidity='Medium', roast_level='Dark') added to cart
INFO:root:Order placed [Tea(name='Green Tea', price=10, type='Green'), Tea(name='Green Tea', price=10, type='Green'), Coffee(name='Espresso', price=20, acidity='Medium', roast_level='Dark')]
INFO:root:[Tea(name='Green Tea', price=10, type='Green'), True] successfully published in the marketplace
INFO:root:[Tea(name='Green Tea', price=10, type='Green'), True] successfully published in the marketplace
INFO:root:[Tea(name='Green Tea', price=10, type='Green'), True] successfully published in the marketplace
INFO:root:[Tea(name='Green Tea', price=10, type='Green'), True] successfully published in the marketplace
INFO:root:[Coffee(name='Espresso', price=20, acidity='Medium', roast_level='Dark'), True] successfully published in the marketplace
INFO:root:[Coffee(name='Espresso', price=20, acidity='Medium', roast_level='Dark'), True] successfully published in the marketplace
INFO:root:[Coffee(name='Espresso', price=20, acidity='Medium', roast_level='Dark'), True] successfully published in the marketplace
INFO:root:[Tea(name='Green Tea', price=10, type='Green'), True] successfully published in the marketplace
INFO:root:Producer id 1 added
INFO:root:Consumer id 1 added
INFO:root:[Tea(name='Green Tea', price=10, type='Green'), True] successfully published in the marketplace
INFO:root:Tea(name='Green Tea', price=10, type='Green') added to cart
INFO:root:Tea(name='Green Tea', price=10, type='Green') added to cart
INFO:root:Coffee(name='Espresso', price=20, acidity='Medium', roast_level='Dark') added to cart
INFO:root:order placed [Tea(name='Green Tea', price=10, type='Green'), Tea(name='Green Tea', price=10, type='Green'), Coffee(name='Espresso', price=20, acidity='Medium', roast_level='Dark')]
INFO:root:[Tea(name='Green Tea', price=10, type='Green'), True] successfully published in the marketplace
INFO:root:[Tea(name='Green Tea', price=10, type='Green'), True] successfully published in the marketplace
INFO:root:[Tea(name='Green Tea', price=10, type='Green'), True] successfully published in the marketplace
INFO:root:[Tea(name='Green Tea', price=10, type='Green'), True] successfully published in the marketplace
INFO:root:[Coffee(name='Espresso', price=20, acidity='Medium', roast_level='Dark'), True] successfully published in the marketplace
INFO:root:[Coffee(name='Espresso', price=20, acidity='Medium', roast_level='Dark'), True] successfully published in the marketplace
INFO:root:[Coffee(name='Espresso', price=20, acidity='Medium', roast_level='Dark'), True] successfully published in the marketplace
INFO:root:[Tea(name='Green Tea', price=10, type='Green'), True] successfully published in the marketplace
ERROR:root:Tea(name='Green Tea', price=10, type='Green') product failed to publish, retrying republish
ERROR:root:Tea(name='Green Tea', price=10, type='Green') product failed to publish, retrying republish
ERROR:root:Tea(name='Green Tea', price=10, type='Green') product failed to publish, retrying republish
ERROR:root:Tea(name='Green Tea', price=10, type='Green') product failed to publish, retrying republish
ERROR:root:Coffee(name='Espresso', price=20, acidity='Medium', roast_level='Dark') product failed to publish, retrying republish
ERROR:root:Coffee(name='Espresso', price=20, acidity='Medium', roast_level='Dark') product failed to publish, retrying republish
ERROR:root:Coffee(name='Espresso', price=20, acidity='Medium', roast_level='Dark') product failed to publish, retrying republish
ERROR:root:Tea(name='Green Tea', price=10, type='Green') product failed to publish, retrying republish
ERROR:root:Tea(name='Green Tea', price=10, type='Green') product failed to publish, retrying republish
ERROR:root:Tea(name='Green Tea', price=10, type='Green') product failed to publish, retrying republish
ERROR:root:Tea(name='Green Tea', price=10, type='Green') product failed to publish, retrying republish
ERROR:root:Tea(name='Green Tea', price=10, type='Green') product failed to publish, retrying republish
ERROR:root:Coffee(name='Espresso', price=20, acidity='Medium', roast_level='Dark') product failed to publish, retrying republish
ERROR:root:Coffee(name='Espresso', price=20, acidity='Medium', roast_level='Dark') product failed to publish, retrying republish
ERROR:root:Coffee(name='Espresso', price=20, acidity='Medium', roast_level='Dark') product failed to publish, retrying republish
ERROR:root:Tea(name='Green Tea', price=10, type='Green') product failed to publish, retrying republish
ERROR:root:Tea(name='Green Tea', price=10, type='Green') product failed to publish, retrying republish
ERROR:root:Tea(name='Green Tea', price=10, type='Green') product failed to publish, retrying republish
ERROR:root:Tea(name='Green Tea', price=10, type='Green') product failed to publish, retrying republish
ERROR:root:Tea(name='Green Tea', price=10, type='Green') product failed to publish, retrying republish
ERROR:root:Coffee(name='Espresso', price=20, acidity='Medium', roast_level='Dark') product failed to publish, retrying republish
ERROR:root:Coffee(name='Espresso', price=20, acidity='Medium', roast_level='Dark') product failed to publish, retrying republish
ERROR:root:Coffee(name='Espresso', price=20, acidity='Medium', roast_level='Dark') product failed to publish, retrying republish
ERROR:root:Tea(name='Green Tea', price=10, type='Green') product failed to publish, retrying republish
ERROR:root:Tea(name='Green Tea', price=10, type='Green') product failed to publish, retrying republish
ERROR:root:Tea(name='Green Tea', price=10, type='Green') product failed to publish, retrying republish
ERROR:root:Tea(name='Green Tea', price=10, type='Green') product failed to publish, retrying republish
ERROR:root:Tea(name='Green Tea', price=10, type='Green') product failed to publish, retrying republish
ERROR:root:Coffee(name='Espresso', price=20, acidity='Medium', roast_level='Dark') product failed to publish, retrying republish
ERROR:root:Coffee(name='Espresso', price=20, acidity='Medium', roast_level='Dark') product failed to publish, retrying republish
ERROR:root:Coffee(name='Espresso', price=20, acidity='Medium', roast_level='Dark') product failed to publish, retrying republish
ERROR:root:Tea(name='Green Tea', price=10, type='Green') product failed to publish, retrying republish
ERROR:root:Tea(name='Green Tea', price=10, type='Green') product failed to publish, retrying republish
ERROR:root:Tea(name='Green Tea', price=10, type='Green') product failed to publish, retrying republish
ERROR:root:Tea(name='Green Tea', price=10, type='Green') product failed to publish, retrying republish
ERROR:root:Tea(name='Green Tea', price=10, type='Green') product failed to publish, retrying republish
ERROR:root:Coffee(name='Espresso', price=20, acidity='Medium', roast_level='Dark') product failed to publish, retrying republish
ERROR:root:Coffee(name='Espresso', price=20, acidity='Medium', roast_level='Dark') product failed to publish, retrying republish
ERROR:root:Coffee(name='Espresso', price=20, acidity='Medium', roast_level='Dark') product failed to publish, retrying republish
ERROR:root:Tea(name='Green Tea', price=10, type='Green') product failed to publish, retrying republish
ERROR:root:Tea(name='Green Tea', price=10, type='Green') product failed to publish, retrying republish
ERROR:root:Tea(name='Green Tea', price=10, type='Green') product failed to publish, retrying republish
ERROR:root:Tea(name='Green Tea', price=10, type='Green') product failed to publish, retrying republish
ERROR:root:Tea(name='Green Tea', price=10, type='Green') product failed to publish, retrying republish
ERROR:root:Coffee(name='Espresso', price=20, acidity='Medium', roast_level='Dark') product failed to publish, retrying republish
ERROR:root:Coffee(name='Espresso', price=20, acidity='Medium', roast_level='Dark') product failed to publish, retrying republish
ERROR:root:Coffee(name='Espresso', price=20, acidity='Medium', roast_level='Dark') product failed to publish, retrying republish
ERROR:root:Tea(name='Green Tea', price=10, type='Green') product failed to publish, retrying republish
ERROR:root:Tea(name='Green Tea', price=10, type='Green') product failed to publish, retrying republish
ERROR:root:Tea(name='Green Tea', price=10, type='Green') product failed to publish, retrying republish
ERROR:root:Tea(name='Green Tea', price=10, type='Green') product failed to publish, retrying republish
ERROR:root:Tea(name='Green Tea', price=10, type='Green') product failed to publish, retrying republish
ERROR:root:Coffee(name='Espresso', price=20, acidity='Medium', roast_level='Dark') product failed to publish, retrying republish
ERROR:root:Coffee(name='Espresso', price=20, acidity='Medium', roast_level='Dark') product failed to publish, retrying republish
ERROR:root:Coffee(name='Espresso', price=20, acidity='Medium', roast_level='Dark') product failed to publish, retrying republish
ERROR:root:Tea(name='Green Tea', price=10, type='Green') product failed to publish, retrying republish
ERROR:root:Tea(name='Green Tea', price=10, type='Green') product failed to publish, retrying republish
ERROR:root:Tea(name='Green Tea', price=10, type='Green') product failed to publish, retrying republish
ERROR:root:Tea(name='Green Tea', price=10, type='Green') product failed to publish, retrying republish
ERROR:root:Tea(name='Green Tea', price=10, type='Green') product failed to publish, retrying republish
ERROR:root:Coffee(name='Espresso', price=20, acidity='Medium', roast_level='Dark') product failed to publish, retrying republish
ERROR:root:Coffee(name='Espresso', price=20, acidity='Medium', roast_level='Dark') product failed to publish, retrying republish
ERROR:root:Coffee(name='Espresso', price=20, acidity='Medium', roast_level='Dark') product failed to publish, retrying republish
ERROR:root:Tea(name='Green Tea', price=10, type='Green') product failed to publish, retrying republish
ERROR:root:Tea(name='Green Tea', price=10, type='Green') product failed to publish, retrying republish
ERROR:root:Tea(name='Green Tea', price=10, type='Green') product failed to publish, retrying republish
ERROR:root:Tea(name='Green Tea', price=10, type='Green') product failed to publish, retrying republish
ERROR:root:Tea(name='Green Tea', price=10, type='Green') product failed to publish, retrying republish
ERROR:root:Coffee(name='Espresso', price=20, acidity='Medium', roast_level='Dark') product failed to publish, retrying republish
ERROR:root:Coffee(name='Espresso', price=20, acidity='Medium', roast_level='Dark') product failed to publish, retrying republish
ERROR:root:Coffee(name='Espresso', price=20, acidity='Medium', roast_level='Dark') product failed to publish, retrying republish
ERROR:root:Tea(name='Green Tea', price=10, type='Green') product failed to publish, retrying republish
ERROR:root:Tea(name='Green Tea', price=10, type='Green') product failed to publish, retrying republish
ERROR:root:Tea(name='Green Tea', price=10, type='Green') product failed to publish, retrying republish
ERROR:root:Tea(name='Green Tea', price=10, type='Green') product failed to publish, retrying republish
ERROR:root:Tea(name='Green Tea', price=10, type='Green') product failed to publish, retrying republish
ERROR:root:Coffee(name='Espresso', price=20, acidity='Medium', roast_level='Dark') product failed to publish, retrying republish
ERROR:root:Coffee(name='Espresso', price=20, acidity='Medium', roast_level='Dark') product failed to publish, retrying republish
ERROR:root:Coffee(name='Espresso', price=20, acidity='Medium', roast_level='Dark') product failed to publish, retrying republish
ERROR:root:Tea(name='Green Tea', price=10, type='Green') product failed to publish, retrying republish
ERROR:root:Tea(name='Green Tea', price=10, type='Green') product failed to publish, retrying republish
ERROR:root:Tea(name='Green Tea', price=10, type='Green') product failed to publish, retrying republish
ERROR:root:Tea(name='Green Tea', price=10, type='Green') product failed to publish, retrying republish
ERROR:root:Tea(name='Green Tea', price=10, type='Green') product failed to publish, retrying republish
ERROR:root:Coffee(name='Espresso', price=20, acidity='Medium', roast_level='Dark') product failed to publish, retrying republish
ERROR:root:Coffee(name='Espresso', price=20, acidity='Medium', roast_level='Dark') product failed to publish, retrying republish
ERROR:root:Coffee(name='Espresso', price=20, acidity='Medium', roast_level='Dark') product failed to publish, retrying republish
ERROR:root:Tea(name='Green Tea', price=10, type='Green') product failed to publish, retrying republish
ERROR:root:Tea(name='Green Tea', price=10, type='Green') product failed to publish, retrying republish
ERROR:root:Tea(name='Green Tea', price=10, type='Green') product failed to publish, retrying republish
ERROR:root:Tea(name='Green Tea', price=10, type='Green') product failed to publish, retrying republish
ERROR:root:Tea(name='Green Tea', price=10, type='Green') product failed to publish, retrying republish
ERROR:root:Coffee(name='Espresso', price=20, acidity='Medium', roast_level='Dark') product failed to publish, retrying republish
ERROR:root:Coffee(name='Espresso', price=20, acidity='Medium', roast_level='Dark') product failed to publish, retrying republish
ERROR:root:Coffee(name='Espresso', price=20, acidity='Medium', roast_level='Dark') product failed to publish, retrying republish
ERROR:root:Tea(name='Green Tea', price=10, type='Green') product failed to publish, retrying republish
ERROR:root:Tea(name='Green Tea', price=10, type='Green') product failed to publish, retrying republish
ERROR:root:Tea(name='Green Tea', price=10, type='Green') product failed to publish, retrying republish
ERROR:root:Tea(name='Green Tea', price=10, type='Green') product failed to publish, retrying republish
ERROR:root:Tea(name='Green Tea', price=10, type='Green') product failed to publish, retrying republish
ERROR:root:Coffee(name='Espresso', price=20, acidity='Medium', roast_level='Dark') product failed to publish, retrying republish
ERROR:root:Coffee(name='Espresso', price=20, acidity='Medium', roast_level='Dark') product failed to publish, retrying republish
ERROR:root:Coffee(name='Espresso', price=20, acidity='Medium', roast_level='Dark') product failed to publish, retrying republish
ERROR:root:Tea(name='Green Tea', price=10, type='Green') product failed to publish, retrying republish
ERROR:root:Tea(name='Green Tea', price=10, type='Green') product failed to publish, retrying republish
ERROR:root:Tea(name='Green Tea', price=10, type='Green') product failed to publish, retrying republish
ERROR:root:Tea(name='Green Tea', price=10, type='Green') product failed to publish, retrying republish
ERROR:root:Tea(name='Green Tea', price=10, type='Green') product failed to publish, retrying republish
ERROR:root:Coffee(name='Espresso', price=20, acidity='Medium', roast_level='Dark') product failed to publish, retrying republish
ERROR:root:Coffee(name='Espresso', price=20, acidity='Medium', roast_level='Dark') product failed to publish, retrying republish
ERROR:root:Coffee(name='Espresso', price=20, acidity='Medium', roast_level='Dark') product failed to publish, retrying republish
ERROR:root:Tea(name='Green Tea', price=10, type='Green') product failed to publish, retrying republish
ERROR:root:Tea(name='Green Tea', price=10, type='Green') product failed to publish, retrying republish
ERROR:root:Tea(name='Green Tea', price=10, type='Green') product failed to publish, retrying republish
ERROR:root:Tea(name='Green Tea', price=10, type='Green') product failed to publish, retrying republish
ERROR:root:Tea(name='Green Tea', price=10, type='Green') product failed to publish, retrying republish
